# JRE version: OpenJDK Runtime Environment (11.0.13) (build 11.0.13+0-b1751.21-8125866)
# Java VM: OpenJDK 64-Bit Server VM (11.0.13+0-b1751.21-8125866, mixed mode, tiered, compressed oops, g1 gc, windows-amd64)
Heap:
 garbage-first heap   total 194560K, used 119425K [0x0000000080000000, 0x0000000100000000)
  region size 1024K, 67 young (68608K), 6 survivors (6144K)
 Metaspace       used 76600K, capacity 78312K, committed 78544K, reserved 1118208K
  class space    used 9958K, capacity 10632K, committed 10752K, reserved 1048576K
GC Heap History (20 events):
Event: 4.002 GC heap before
{Heap before GC invocations=2 (full 0):
 garbage-first heap   total 194560K, used 41725K [0x0000000080000000, 0x0000000100000000)
  region size 1024K, 34 young (34816K), 4 survivors (4096K)
 Metaspace       used 11180K, capacity 11485K, committed 11520K, reserved 1058816K
  class space    used 1176K, capacity 1279K, committed 1280K, reserved 1048576K
}
Event: 4.009 GC heap after
{Heap after GC invocations=3 (full 0):
 garbage-first heap   total 194560K, used 14074K [0x0000000080000000, 0x0000000100000000)
  region size 1024K, 5 young (5120K), 5 survivors (5120K)
 Metaspace       used 11180K, capacity 11485K, committed 11520K, reserved 1058816K
  class space    used 1176K, capacity 1279K, committed 1280K, reserved 1048576K
}
Event: 6.001 GC heap before
{Heap before GC invocations=3 (full 0):
 garbage-first heap   total 194560K, used 55034K [0x0000000080000000, 0x0000000100000000)
  region size 1024K, 45 young (46080K), 5 survivors (5120K)
 Metaspace       used 19090K, capacity 19560K, committed 19712K, reserved 1067008K
  class space    used 2290K, capacity 2439K, committed 2560K, reserved 1048576K
}
Event: 6.014 GC heap after
{Heap after GC invocations=4 (full 0):
 garbage-first heap   total 194560K, used 17267K [0x0000000080000000, 0x0000000100000000)
  region size 1024K, 3 young (3072K), 3 survivors (3072K)
 Metaspace       used 19090K, capacity 19560K, committed 19712K, reserved 1067008K
  class space    used 2290K, capacity 2439K, committed 2560K, reserved 1048576K
}
Event: 6.432 GC heap before
{Heap before GC invocations=4 (full 0):
 garbage-first heap   total 194560K, used 32627K [0x0000000080000000, 0x0000000100000000)
  region size 1024K, 19 young (19456K), 3 survivors (3072K)
 Metaspace       used 20855K, capacity 21193K, committed 21296K, reserved 1069056K
  class space    used 2530K, capacity 2688K, committed 2688K, reserved 1048576K
}
Event: 6.443 GC heap after
{Heap after GC invocations=5 (full 0):
 garbage-first heap   total 194560K, used 17630K [0x0000000080000000, 0x0000000100000000)
  region size 1024K, 4 young (4096K), 4 survivors (4096K)
 Metaspace       used 20855K, capacity 21193K, committed 21296K, reserved 1069056K
  class space    used 2530K, capacity 2688K, committed 2688K, reserved 1048576K
}
Event: 8.052 GC heap before
{Heap before GC invocations=6 (full 0):
 garbage-first heap   total 194560K, used 73950K [0x0000000080000000, 0x0000000100000000)
  region size 1024K, 59 young (60416K), 4 survivors (4096K)
 Metaspace       used 26692K, capacity 27307K, committed 27520K, reserved 1073152K
  class space    used 3450K, capacity 3670K, committed 3712K, reserved 1048576K
}
Event: 8.068 GC heap after
{Heap after GC invocations=7 (full 0):
 garbage-first heap   total 194560K, used 19573K [0x0000000080000000, 0x0000000100000000)
  region size 1024K, 6 young (6144K), 6 survivors (6144K)
 Metaspace       used 26692K, capacity 27307K, committed 27520K, reserved 1073152K
  class space    used 3450K, capacity 3670K, committed 3712K, reserved 1048576K
}
Event: 9.974 GC heap before
{Heap before GC invocations=7 (full 0):
 garbage-first heap   total 194560K, used 79989K [0x0000000080000000, 0x0000000100000000)
  region size 1024K, 66 young (67584K), 6 survivors (6144K)
 Metaspace       used 35173K, capacity 35964K, committed 36048K, reserved 1081344K
  class space    used 4511K, capacity 4835K, committed 4864K, reserved 1048576K
}
Event: 9.991 GC heap after
{Heap after GC invocations=8 (full 0):
 garbage-first heap   total 194560K, used 23201K [0x0000000080000000, 0x0000000100000000)
  region size 1024K, 9 young (9216K), 9 survivors (9216K)
 Metaspace       used 35173K, capacity 35964K, committed 36048K, reserved 1081344K
  class space    used 4511K, capacity 4835K, committed 4864K, reserved 1048576K
}
Event: 13.102 GC heap before
{Heap before GC invocations=9 (full 0):
 garbage-first heap   total 194560K, used 133793K [0x0000000080000000, 0x0000000100000000)
  region size 1024K, 114 young (116736K), 9 survivors (9216K)
 Metaspace       used 44516K, capacity 45615K, committed 45776K, reserved 1089536K
  class space    used 5614K, capacity 6031K, committed 6144K, reserved 1048576K
}
Event: 13.126 GC heap after
{Heap after GC invocations=10 (full 0):
 garbage-first heap   total 194560K, used 29862K [0x0000000080000000, 0x0000000100000000)
  region size 1024K, 13 young (13312K), 13 survivors (13312K)
 Metaspace       used 44516K, capacity 45615K, committed 45776K, reserved 1089536K
  class space    used 5614K, capacity 6031K, committed 6144K, reserved 1048576K
}
Event: 15.868 GC heap before
{Heap before GC invocations=10 (full 0):
 garbage-first heap   total 194560K, used 137382K [0x0000000080000000, 0x0000000100000000)
  region size 1024K, 114 young (116736K), 13 survivors (13312K)
 Metaspace       used 51077K, capacity 52371K, committed 52560K, reserved 1095680K
  class space    used 6439K, capacity 6929K, committed 7040K, reserved 1048576K
}
Event: 15.891 GC heap after
{Heap after GC invocations=11 (full 0):
 garbage-first heap   total 194560K, used 42830K [0x0000000080000000, 0x0000000100000000)
  region size 1024K, 15 young (15360K), 15 survivors (15360K)
 Metaspace       used 51077K, capacity 52371K, committed 52560K, reserved 1095680K
  class space    used 6439K, capacity 6929K, committed 7040K, reserved 1048576K
}
Event: 17.448 GC heap before
{Heap before GC invocations=11 (full 0):
 garbage-first heap   total 194560K, used 97102K [0x0000000080000000, 0x0000000100000000)
  region size 1024K, 69 young (70656K), 15 survivors (15360K)
 Metaspace       used 58926K, capacity 60357K, committed 60496K, reserved 1101824K
  class space    used 7435K, capacity 7966K, committed 8064K, reserved 1048576K
}
Event: 17.474 GC heap after
{Heap after GC invocations=12 (full 0):
 garbage-first heap   total 194560K, used 45843K [0x0000000080000000, 0x0000000100000000)
  region size 1024K, 3 young (3072K), 3 survivors (3072K)
 Metaspace       used 58926K, capacity 60357K, committed 60496K, reserved 1101824K
  class space    used 7435K, capacity 7966K, committed 8064K, reserved 1048576K
}
Event: 19.350 GC heap before
{Heap before GC invocations=13 (full 0):
 garbage-first heap   total 194560K, used 140051K [0x0000000080000000, 0x0000000100000000)
  region size 1024K, 87 young (89088K), 3 survivors (3072K)
 Metaspace       used 65226K, capacity 66763K, committed 66896K, reserved 1107968K
  class space    used 8233K, capacity 8825K, committed 8832K, reserved 1048576K
}
Event: 19.368 GC heap after
{Heap after GC invocations=14 (full 0):
 garbage-first heap   total 194560K, used 51987K [0x0000000080000000, 0x0000000100000000)
  region size 1024K, 9 young (9216K), 9 survivors (9216K)
 Metaspace       used 65226K, capacity 66763K, committed 66896K, reserved 1107968K
  class space    used 8233K, capacity 8825K, committed 8832K, reserved 1048576K
}
Event: 22.205 GC heap before
{Heap before GC invocations=15 (full 0):
 garbage-first heap   total 194560K, used 136979K [0x0000000080000000, 0x0000000100000000)
  region size 1024K, 92 young (94208K), 9 survivors (9216K)
 Metaspace       used 71176K, capacity 72744K, committed 73040K, reserved 1112064K
  class space    used 9162K, capacity 9784K, committed 9856K, reserved 1048576K
}
Event: 22.226 GC heap after
{Heap after GC invocations=16 (full 0):
 garbage-first heap   total 194560K, used 57985K [0x0000000080000000, 0x0000000100000000)
  region size 1024K, 6 young (6144K), 6 survivors (6144K)
 Metaspace       used 71176K, capacity 72744K, committed 73040K, reserved 1112064K
  class space    used 9162K, capacity 9784K, committed 9856K, reserved 1048576K
}

