# JRE version: OpenJDK Runtime Environment (11.0.13) (build 11.0.13+0-b1751.21-8125866)
# Java VM: OpenJDK 64-Bit Server VM (11.0.13+0-b1751.21-8125866, mixed mode, tiered, compressed oops, g1 gc, windows-amd64)
Heap:
 garbage-first heap   total 233472K, used 98277K [0x0000000080000000, 0x0000000100000000)
  region size 1024K, 53 young (54272K), 9 survivors (9216K)
 Metaspace       used 68424K, capacity 69972K, committed 70128K, reserved 1110016K
  class space    used 8721K, capacity 9341K, committed 9368K, reserved 1048576K
GC Heap History (20 events):
Event: 1.479 GC heap before
{Heap before GC invocations=0 (full 0):
 garbage-first heap   total 194560K, used 16384K [0x0000000080000000, 0x0000000100000000)
  region size 1024K, 14 young (14336K), 0 survivors (0K)
 Metaspace       used 6755K, capacity 6993K, committed 7168K, reserved 1056768K
  class space    used 572K, capacity 650K, committed 768K, reserved 1048576K
}
Event: 1.494 GC heap after
{Heap after GC invocations=1 (full 0):
 garbage-first heap   total 194560K, used 4254K [0x0000000080000000, 0x0000000100000000)
  region size 1024K, 2 young (2048K), 2 survivors (2048K)
 Metaspace       used 6755K, capacity 6993K, committed 7168K, reserved 1056768K
  class space    used 572K, capacity 650K, committed 768K, reserved 1048576K
}
Event: 3.868 GC heap before
{Heap before GC invocations=1 (full 0):
 garbage-first heap   total 194560K, used 84126K [0x0000000080000000, 0x0000000100000000)
  region size 1024K, 77 young (78848K), 2 survivors (2048K)
 Metaspace       used 16717K, capacity 17072K, committed 17152K, reserved 1064960K
  class space    used 1899K, capacity 2034K, committed 2048K, reserved 1048576K
}
Event: 3.878 GC heap after
{Heap after GC invocations=2 (full 0):
 garbage-first heap   total 194560K, used 15907K [0x0000000080000000, 0x0000000100000000)
  region size 1024K, 10 young (10240K), 10 survivors (10240K)
 Metaspace       used 16717K, capacity 17072K, committed 17152K, reserved 1064960K
  class space    used 1899K, capacity 2034K, committed 2048K, reserved 1048576K
}
Event: 4.396 GC heap before
{Heap before GC invocations=2 (full 0):
 garbage-first heap   total 194560K, used 47651K [0x0000000080000000, 0x0000000100000000)
  region size 1024K, 41 young (41984K), 10 survivors (10240K)
 Metaspace       used 19903K, capacity 20289K, committed 20608K, reserved 1067008K
  class space    used 2420K, capacity 2575K, committed 2688K, reserved 1048576K
}
Event: 4.406 GC heap after
{Heap after GC invocations=3 (full 0):
 garbage-first heap   total 194560K, used 17583K [0x0000000080000000, 0x0000000100000000)
  region size 1024K, 2 young (2048K), 2 survivors (2048K)
 Metaspace       used 19903K, capacity 20289K, committed 20608K, reserved 1067008K
  class space    used 2420K, capacity 2575K, committed 2688K, reserved 1048576K
}
Event: 4.543 GC heap before
{Heap before GC invocations=3 (full 0):
 garbage-first heap   total 194560K, used 22703K [0x0000000080000000, 0x0000000100000000)
  region size 1024K, 8 young (8192K), 2 survivors (2048K)
 Metaspace       used 20759K, capacity 21189K, committed 21296K, reserved 1069056K
  class space    used 2522K, capacity 2684K, committed 2688K, reserved 1048576K
}
Event: 4.547 GC heap after
{Heap after GC invocations=4 (full 0):
 garbage-first heap   total 194560K, used 17797K [0x0000000080000000, 0x0000000100000000)
  region size 1024K, 2 young (2048K), 2 survivors (2048K)
 Metaspace       used 20759K, capacity 21189K, committed 21296K, reserved 1069056K
  class space    used 2522K, capacity 2684K, committed 2688K, reserved 1048576K
}
Event: 5.555 GC heap before
{Heap before GC invocations=5 (full 0):
 garbage-first heap   total 194560K, used 79237K [0x0000000080000000, 0x0000000100000000)
  region size 1024K, 62 young (63488K), 2 survivors (2048K)
 Metaspace       used 26977K, capacity 27601K, committed 27772K, reserved 1073152K
  class space    used 3495K, capacity 3704K, committed 3788K, reserved 1048576K
}
Event: 5.566 GC heap after
{Heap after GC invocations=6 (full 0):
 garbage-first heap   total 194560K, used 19699K [0x0000000080000000, 0x0000000100000000)
  region size 1024K, 4 young (4096K), 4 survivors (4096K)
 Metaspace       used 26977K, capacity 27601K, committed 27772K, reserved 1073152K
  class space    used 3495K, capacity 3704K, committed 3788K, reserved 1048576K
}
Event: 7.083 GC heap before
{Heap before GC invocations=6 (full 0):
 garbage-first heap   total 194560K, used 73971K [0x0000000080000000, 0x0000000100000000)
  region size 1024K, 58 young (59392K), 4 survivors (4096K)
 Metaspace       used 35163K, capacity 35941K, committed 35964K, reserved 1081344K
  class space    used 4507K, capacity 4806K, committed 4812K, reserved 1048576K
}
Event: 7.099 GC heap after
{Heap after GC invocations=7 (full 0):
 garbage-first heap   total 194560K, used 22974K [0x0000000080000000, 0x0000000100000000)
  region size 1024K, 7 young (7168K), 7 survivors (7168K)
 Metaspace       used 35163K, capacity 35941K, committed 35964K, reserved 1081344K
  class space    used 4507K, capacity 4806K, committed 4812K, reserved 1048576K
}
Event: 8.968 GC heap before
{Heap before GC invocations=8 (full 0):
 garbage-first heap   total 194560K, used 112062K [0x0000000080000000, 0x0000000100000000)
  region size 1024K, 91 young (93184K), 7 survivors (7168K)
 Metaspace       used 42186K, capacity 43213K, committed 43388K, reserved 1087488K
  class space    used 5367K, capacity 5765K, committed 5836K, reserved 1048576K
}
Event: 8.991 GC heap after
{Heap after GC invocations=9 (full 0):
 garbage-first heap   total 194560K, used 28930K [0x0000000080000000, 0x0000000100000000)
  region size 1024K, 12 young (12288K), 12 survivors (12288K)
 Metaspace       used 42186K, capacity 43213K, committed 43388K, reserved 1087488K
  class space    used 5367K, capacity 5765K, committed 5836K, reserved 1048576K
}
Event: 10.909 GC heap before
{Heap before GC invocations=9 (full 0):
 garbage-first heap   total 194560K, used 118018K [0x0000000080000000, 0x0000000100000000)
  region size 1024K, 99 young (101376K), 12 survivors (12288K)
 Metaspace       used 48425K, capacity 49614K, committed 49788K, reserved 1093632K
  class space    used 6105K, capacity 6531K, committed 6604K, reserved 1048576K
}
Event: 10.930 GC heap after
{Heap after GC invocations=10 (full 0):
 garbage-first heap   total 194560K, used 32919K [0x0000000080000000, 0x0000000100000000)
  region size 1024K, 10 young (10240K), 10 survivors (10240K)
 Metaspace       used 48425K, capacity 49614K, committed 49788K, reserved 1093632K
  class space    used 6105K, capacity 6531K, committed 6604K, reserved 1048576K
}
Event: 12.518 GC heap before
{Heap before GC invocations=10 (full 0):
 garbage-first heap   total 194560K, used 126103K [0x0000000080000000, 0x0000000100000000)
  region size 1024K, 98 young (100352K), 10 survivors (10240K)
 Metaspace       used 59050K, capacity 60509K, committed 60580K, reserved 1101824K
  class space    used 7441K, capacity 7996K, committed 8012K, reserved 1048576K
}
Event: 12.544 GC heap after
{Heap after GC invocations=11 (full 0):
 garbage-first heap   total 233472K, used 45834K [0x0000000080000000, 0x0000000100000000)
  region size 1024K, 13 young (13312K), 13 survivors (13312K)
 Metaspace       used 59050K, capacity 60509K, committed 60580K, reserved 1101824K
  class space    used 7441K, capacity 7996K, committed 8012K, reserved 1048576K
}
Event: 14.120 GC heap before
{Heap before GC invocations=12 (full 0):
 garbage-first heap   total 233472K, used 153354K [0x0000000080000000, 0x0000000100000000)
  region size 1024K, 111 young (113664K), 13 survivors (13312K)
 Metaspace       used 65197K, capacity 66667K, committed 66800K, reserved 1107968K
  class space    used 8225K, capacity 8793K, committed 8856K, reserved 1048576K
}
Event: 14.169 GC heap after
{Heap after GC invocations=13 (full 0):
 garbage-first heap   total 233472K, used 54245K [0x0000000080000000, 0x0000000100000000)
  region size 1024K, 9 young (9216K), 9 survivors (9216K)
 Metaspace       used 65197K, capacity 66667K, committed 66800K, reserved 1107968K
  class space    used 8225K, capacity 8793K, committed 8856K, reserved 1048576K
}

